2025-07-18 12:49:53,831 - root - INFO - Logging has been configured.
2025-07-18 12:49:53,831 - __main__ - INFO - Loaded config.json - Starting execution with id 4a269954-2353-46cc-8b56-24aa3989a6eb
2025-07-18 12:49:53,832 - configuration_manager - INFO - Configuration: 
2025-07-18 12:49:53,832 - configuration_manager - INFO - * Runtime ASM model: firefighter.asm
2025-07-18 12:49:53,832 - model_uploader - INFO - Enforcer initialized with domain: http://localhost:8080/
2025-07-18 12:49:53,832 - model_uploader - INFO - Runtime model: firefighter.asm
2025-07-18 12:49:53,833 - model_uploader - INFO - 
2025-07-18 12:49:53,964 - model_uploader - INFO - Uploaded file: ../../resources/models\firefighter.asm
2025-07-18 12:49:53,974 - model_uploader - INFO - Uploaded file: ../../resources/models\firefighterHeader.asm
2025-07-18 12:49:54,054 - model_uploader - INFO - Uploaded file: ../../resources/models\..\libraries\SLEECLibrary.asm
2025-07-18 12:49:54,054 - __main__ - INFO - --Starting new test run--
2025-07-18 12:49:54,337 - enforcer - INFO - Execution started with ID: 1
2025-07-18 12:49:54,337 - __main__ - INFO - --Executing new step--
2025-07-18 12:52:16,646 - enforcer - INFO - ASM step performed for ID 1 with delay 407.30 ms
2025-07-18 12:52:16,647 - enforcer - INFO - ASM output: {'outConstraint(SOUNDALARM)': '(undef,undef,undef,undef)', 'outObligation': 'GOHOME', 'outConstraint(GOHOME)': '(WITHIN,1,MIN,DONOTHING)', 'outConstraint(DONOTHING)': '(undef,undef,undef,undef)'}
2025-07-18 12:52:16,647 - enforcer - INFO - Enforcement applied - changing action.
2025-07-18 12:56:06,744 - __main__ - INFO - --Executing new step--
2025-07-18 12:56:14,319 - enforcer - INFO - ASM step performed for ID 1 with delay 161.65 ms
2025-07-18 12:56:14,320 - enforcer - INFO - ASM output: {'outConstraint(SOUNDALARM)': '(undef,undef,undef,undef)', 'outObligation': 'GOHOME', 'outConstraint(GOHOME)': '(AFTER,5,MIN,DONOTHING)', 'outConstraint(DONOTHING)': '(undef,undef,undef,undef)'}
2025-07-18 12:56:14,320 - enforcer - INFO - Enforcement applied - changing action.
2025-07-18 12:56:42,495 - __main__ - INFO - --Executing new step--
2025-07-18 12:56:53,970 - enforcer - INFO - ASM step performed for ID 1 with delay 153.70 ms
2025-07-18 12:56:53,971 - enforcer - INFO - ASM output: {'outConstraint(SOUNDALARM)': '(undef,undef,undef,undef)', 'outObligation': 'SOUNDALARM', 'outConstraint(GOHOME)': '(undef,undef,undef,undef)', 'outConstraint(DONOTHING)': '(undef,undef,undef,undef)'}
2025-07-18 12:56:53,971 - enforcer - INFO - Enforcement applied - changing action.
2025-07-18 12:57:06,540 - __main__ - INFO - --Executing new step--
2025-07-18 12:57:21,906 - enforcer - INFO - ASM step performed for ID 1 with delay 133.16 ms
2025-07-18 12:57:21,906 - enforcer - INFO - ASM output: {'outConstraint(SOUNDALARM)': '(undef,undef,undef,undef)', 'outObligation': 'undef', 'outConstraint(GOHOME)': '(undef,undef,undef,undef)', 'outConstraint(DONOTHING)': '(undef,undef,undef,undef)'}
2025-07-18 12:57:21,906 - enforcer - INFO - Enforcement applied - changing action.
2025-07-18 12:58:10,952 - enforcer - INFO - Execution stopped for ID: 1
2025-07-18 12:58:10,953 - __main__ - INFO - Enforcer delays:
2025-07-18 12:58:10,953 - __main__ - INFO - * Start delay: 281.92ms
2025-07-18 12:58:10,953 - __main__ - INFO - * Total sanitisation delay: 859.89ms (max 408.49ms)
2025-07-18 12:58:10,954 - __main__ - INFO - * Stop delay: 27.16ms
2025-07-18 12:58:10,954 - __main__ - INFO - Number of enforcer interventions: 4 (out of 4)
2025-07-18 12:58:10,954 - __main__ - INFO - Test run completed in 496899.27ms:
2025-07-18 12:58:10,955 - __main__ - INFO - * Model simulation steps: 4
2025-07-18 12:58:10,955 - __main__ - INFO - 
2025-07-18 12:58:10,961 - model_uploader - INFO - Model deleted: firefighter.asm
2025-07-18 12:58:11,045 - __main__ - INFO - Upload model delay: 221.11ms
2025-07-18 12:58:11,045 - __main__ - INFO - Delete model delay: 89.69ms
