2025-07-18 13:12:09,101 - root - INFO - Logging has been configured.
2025-07-18 13:12:09,102 - __main__ - INFO - Loaded config.json - Starting execution with id 68949dcb-d08e-4e50-9738-c8f0f2d77be8
2025-07-18 13:12:09,102 - configuration_manager - INFO - Configuration: 
2025-07-18 13:12:09,102 - configuration_manager - INFO - * Runtime ASM model: firefighter.asm
2025-07-18 13:12:09,102 - model_uploader - INFO - Enforcer initialized with domain: http://localhost:8080/
2025-07-18 13:12:09,103 - model_uploader - INFO - Runtime model: firefighter.asm
2025-07-18 13:12:09,105 - model_uploader - INFO - 
2025-07-18 13:12:09,117 - model_uploader - INFO - Uploaded file: ../../resources/models\firefighter.asm
2025-07-18 13:12:09,140 - model_uploader - INFO - Uploaded file: ../../resources/models\firefighterHeader.asm
2025-07-18 13:12:09,153 - __main__ - INFO - --Starting new test run--
2025-07-18 13:12:09,187 - enforcer - INFO - Execution started with ID: 3
2025-07-18 13:12:09,187 - __main__ - INFO - --Executing new step--
2025-07-18 13:12:21,639 - enforcer - INFO - ASM step performed for ID 3 with delay 192.84 ms
2025-07-18 13:12:21,640 - enforcer - INFO - ASM output: GOHOME (WITHIN,1,MIN,DONOTHING)
2025-07-18 13:12:21,640 - enforcer - INFO - Enforcement applied - changing action.
2025-07-18 13:13:04,087 - __main__ - INFO - --Executing new step--
2025-07-18 13:13:12,874 - enforcer - INFO - ASM step performed for ID 3 with delay 100.10 ms
2025-07-18 13:13:12,875 - enforcer - ERROR - ASM step execution failed: 'outConstraint(undef)'
2025-07-18 13:13:12,875 - __main__ - ERROR - Failed to connect to the server - Executing the test runs WITHOUT the model
2025-07-18 13:13:12,875 - __main__ - INFO - --Starting new test run--
2025-07-18 13:13:12,876 - __main__ - INFO - --Executing new step--
2025-07-18 14:50:50,110 - __main__ - INFO - Test run completed in 5857234.15ms:
2025-07-18 14:50:50,111 - __main__ - INFO - * Model simulation steps: 0
2025-07-18 14:50:50,111 - __main__ - INFO - 
