2025-06-12 13:08:08,807 - root - INFO - Logging has been configured.
2025-06-12 13:08:08,807 - __main__ - INFO - Loaded config.json - Starting execution with id 960732d0-24a0-42fe-b081-65b6764f6118
2025-06-12 13:08:08,807 - configuration_manager - INFO - Configuration: 
2025-06-12 13:08:08,807 - configuration_manager - INFO - * Runtime ASM model: safePillbox.asm
2025-06-12 13:08:08,807 - model_uploader - INFO - Enforcer initialized with domain: http://localhost:8080/
2025-06-12 13:08:08,808 - model_uploader - INFO - Runtime model: safePillbox.asm
2025-06-12 13:08:08,808 - model_uploader - INFO - 
2025-06-12 13:08:08,841 - model_uploader - INFO - Uploaded file: ../../resources/models\safePillbox.asm
2025-06-12 13:08:08,871 - model_uploader - INFO - Uploaded file: ../../resources/models\prescriptionParameters_Knowledge.asm
2025-06-12 13:08:08,883 - model_uploader - INFO - Uploaded file: ../../resources/models\pillbox_sanitiser.asm
2025-06-12 13:08:08,901 - __main__ - INFO - --Starting new test run--
2025-06-12 13:08:09,006 - enforcer - INFO - Execution started with ID: 3
2025-06-12 13:08:09,006 - __main__ - INFO - Invoke the initialization step...
2025-06-12 13:08:22,550 - __main__ - ERROR - Failed to connect to the server - Executing the test runs WITHOUT the model
2025-06-12 13:08:22,550 - __main__ - INFO - --Starting new test run--
2025-06-12 13:08:22,550 - __main__ - INFO - --Executing new step--
2025-06-12 13:08:27,064 - __main__ - INFO - --Executing new step--
2025-06-12 13:08:32,831 - __main__ - INFO - --Executing new step--
2025-06-12 13:08:34,285 - __main__ - INFO - --Executing new step--
2025-06-12 13:08:36,670 - __main__ - INFO - --Executing new step--
2025-06-12 13:08:37,623 - __main__ - INFO - --Executing new step--
2025-06-12 13:08:39,612 - __main__ - INFO - Test run completed in 17061.65ms:
2025-06-12 13:08:39,612 - __main__ - INFO - * Model simulation steps: 0
2025-06-12 13:08:39,612 - __main__ - INFO - 
