2025-03-21 16:02:58,254 - root - INFO - Logging has been configured.
2025-03-21 16:02:58,282 - __main__ - INFO - Loaded config.json - Starting execution with id 9485f4d7-5e31-425a-8b1d-7b4f2c7b0e60
2025-03-21 16:02:58,283 - configuration_manager - INFO - Configuration: 
2025-03-21 16:02:58,284 - configuration_manager - INFO - * Runtime ASM model: SafetyEnforcerModel.asm
2025-03-21 16:02:58,284 - model_uploader - INFO - Enforcer initialized with domain: http://localhost:8080/
2025-03-21 16:02:58,284 - model_uploader - INFO - Runtime model: SafetyEnforcerModel.asm
2025-03-21 16:02:58,285 - model_uploader - INFO - 
2025-03-21 16:02:58,348 - model_uploader - INFO - Uploaded file: ../../resources/models\SafetyEnforcerModel.asm
2025-03-21 16:02:58,471 - model_uploader - INFO - Uploaded file: ../../resources/models\..\libraries\StandardLibrary.asm
2025-03-21 16:02:58,472 - __main__ - INFO - --Starting new test run--
2025-03-21 16:02:58,553 - enforcer - INFO - Execution started with ID: 2
2025-03-21 16:02:58,555 - __main__ - INFO - --Executing new step--
2025-03-21 16:03:04,208 - enforcer - INFO - ASM step performed for ID 2 with delay 124.77 ms
2025-03-21 16:03:04,208 - enforcer - INFO - Enforcer not applied - keeping input action
2025-03-21 16:03:04,209 - enforcer - INFO - System Output: IDLE
2025-03-21 16:03:04,210 - __main__ - INFO - Action: IDLE
2025-03-21 16:03:08,156 - __main__ - INFO - --Executing new step--
2025-03-21 16:03:22,769 - enforcer - INFO - ASM step performed for ID 2 with delay 128.81 ms
2025-03-21 16:03:22,769 - enforcer - INFO - Enforcer applied - changing action
2025-03-21 16:03:22,770 - enforcer - INFO - System Output: SLOWER
2025-03-21 16:03:22,770 - enforcer - INFO - After Safety Enforcement: LANE_RIGHT
2025-03-21 16:03:25,358 - enforcer - INFO - Execution stopped for ID: 2
2025-03-21 16:03:25,359 - __main__ - INFO - Enforcer delays:
2025-03-21 16:03:25,360 - __main__ - INFO - * Start delay: 82.08ms
2025-03-21 16:03:25,361 - __main__ - INFO - * Total sanitisation delay: 257.89ms (max 131.21ms)
2025-03-21 16:03:25,362 - __main__ - INFO - * Stop delay: 28.58ms
2025-03-21 16:03:25,362 - __main__ - INFO - Number of enforcer interventions: 1 (out of 2)
2025-03-21 16:03:25,363 - __main__ - INFO - Test run completed in 26891.21ms:
2025-03-21 16:03:25,364 - __main__ - INFO - * Model simulation steps: 2
2025-03-21 16:03:25,364 - __main__ - INFO - 
2025-03-21 16:03:25,400 - model_uploader - INFO - Model deleted: SafetyEnforcerModel.asm
2025-03-21 16:03:25,475 - __main__ - INFO - Upload model delay: 185.79ms
2025-03-21 16:03:25,476 - __main__ - INFO - Delete model delay: 110.33ms
