2025-03-21 15:49:21,434 - root - INFO - Logging has been configured.
2025-03-21 15:49:21,463 - __main__ - INFO - Loaded config.json - Starting execution with id 972a0fca-a930-47a6-802b-c860f99d3460
2025-03-21 15:49:21,463 - configuration_manager - INFO - Configuration: 
2025-03-21 15:49:21,465 - configuration_manager - INFO - * Runtime ASM model: SafetyEnforcerModel.asm
2025-03-21 15:49:21,466 - model_uploader - INFO - Enforcer initialized with domain: http://localhost:8080/
2025-03-21 15:49:21,467 - model_uploader - INFO - Runtime model: SafetyEnforcerModel.asm
2025-03-21 15:49:21,467 - model_uploader - INFO - 
2025-03-21 15:49:21,535 - model_uploader - INFO - Uploaded file: ../../resources/models\SafetyEnforcerModel.asm
2025-03-21 15:49:21,668 - model_uploader - INFO - Uploaded file: ../../resources/models\..\libraries\StandardLibrary.asm
2025-03-21 15:49:21,668 - __main__ - INFO - --Starting new test run--
2025-03-21 15:49:21,751 - enforcer - INFO - Execution started with ID: 1
2025-03-21 15:49:21,751 - __main__ - INFO - --Executing new step--
2025-03-21 15:49:29,764 - enforcer - INFO - ASM step performed for ID 1 with delay 126.79 ms
2025-03-21 15:49:29,765 - enforcer - INFO - Enforcer not applied - keeping input action
2025-03-21 15:49:29,765 - enforcer - INFO - System Output: IDLE
2025-03-21 15:49:29,766 - __main__ - INFO - Action: IDLE
2025-03-21 15:49:33,919 - __main__ - INFO - --Executing new step--
2025-03-21 15:49:38,464 - enforcer - INFO - ASM step performed for ID 1 with delay 135.69 ms
2025-03-21 15:49:38,465 - enforcer - INFO - Enforcer not applied - keeping input action
2025-03-21 15:49:38,466 - enforcer - INFO - System Output: IDLE
2025-03-21 15:49:38,467 - __main__ - INFO - Action: IDLE
2025-03-21 15:49:42,013 - __main__ - INFO - --Executing new step--
2025-03-21 15:51:24,381 - enforcer - INFO - ASM step performed for ID 1 with delay 121.07 ms
2025-03-21 15:51:24,382 - enforcer - INFO - Enforcer applied - changing action
2025-03-21 15:51:24,383 - enforcer - INFO - System Output: SLOWER
2025-03-21 15:51:24,384 - enforcer - INFO - After Safety Enforcement: LANE_RIGHT
2025-03-21 15:51:31,559 - __main__ - INFO - --Executing new step--
2025-03-21 15:51:47,349 - enforcer - INFO - ASM step performed for ID 1 with delay 135.88 ms
2025-03-21 15:51:47,349 - enforcer - ERROR - The Enforcer returned no outAction but should always return something
2025-03-21 15:51:47,349 - enforcer - INFO - System Output: fkjshak
2025-03-21 15:51:47,349 - __main__ - INFO - Action: fkjshak
2025-03-21 15:51:59,727 - __main__ - INFO - --Executing new step--
2025-03-21 15:52:08,270 - enforcer - INFO - ASM step performed for ID 1 with delay 119.45 ms
2025-03-21 15:52:08,271 - enforcer - INFO - Enforcer applied - changing action
2025-03-21 15:52:08,271 - enforcer - INFO - System Output: IDLE
2025-03-21 15:52:08,272 - enforcer - INFO - After Safety Enforcement: LANE_RIGHT
2025-03-21 15:52:16,440 - enforcer - INFO - Execution stopped for ID: 1
2025-03-21 15:52:16,441 - __main__ - INFO - Enforcer delays:
2025-03-21 15:52:16,442 - __main__ - INFO - * Start delay: 82.32ms
2025-03-21 15:52:16,442 - __main__ - INFO - * Total sanitisation delay: 651.81ms (max 138.39ms)
2025-03-21 15:52:16,443 - __main__ - INFO - * Stop delay: 17.50ms
2025-03-21 15:52:16,444 - __main__ - INFO - Number of enforcer interventions: 2 (out of 5)
2025-03-21 15:52:16,444 - __main__ - INFO - Test run completed in 174774.37ms:
2025-03-21 15:52:16,445 - __main__ - INFO - * Effective Duration: 5 simulation steps
2025-03-21 15:52:16,445 - __main__ - INFO - 
2025-03-21 15:52:16,457 - model_uploader - INFO - Model deleted: SafetyEnforcerModel.asm
2025-03-21 15:52:16,522 - __main__ - INFO - Upload model delay: 201.32ms
2025-03-21 15:52:16,522 - __main__ - INFO - Delete model delay: 76.34ms
