2025-03-21 16:19:53,725 - root - INFO - Logging has been configured.
2025-03-21 16:19:53,756 - __main__ - INFO - Loaded config.json - Starting execution with id 30bb96af-9408-4099-a709-9297351e36d3
2025-03-21 16:19:53,757 - configuration_manager - INFO - Configuration: 
2025-03-21 16:19:53,757 - configuration_manager - INFO - * Runtime ASM model: SafetyEnforcerModel.asm
2025-03-21 16:19:53,758 - model_uploader - INFO - Model engine initialized with domain: http://localhost:8080/
2025-03-21 16:19:53,758 - model_uploader - INFO - Runtime model: SafetyEnforcerModel.asm
2025-03-21 16:19:53,759 - model_uploader - INFO - 
2025-03-21 16:19:53,824 - model_uploader - INFO - Uploaded file: ../../resources/models\SafetyEnforcerModel.asm
2025-03-21 16:19:53,936 - model_uploader - INFO - Uploaded file: ../../resources/models\..\libraries\StandardLibrary.asm
2025-03-21 16:19:53,937 - __main__ - INFO - --Starting new test run--
2025-03-21 16:19:54,009 - enforcer - INFO - Execution started with ID: 2
2025-03-21 16:19:54,010 - __main__ - INFO - --Executing new step--
2025-03-21 16:19:59,966 - enforcer - INFO - ASM step performed for ID 2 with delay 119.06 ms
2025-03-21 16:19:59,967 - enforcer - INFO - Enforcer not applied - keeping input action
2025-03-21 16:19:59,967 - enforcer - INFO - System Output: IDLE
2025-03-21 16:19:59,968 - __main__ - INFO - Action: IDLE
2025-03-21 16:20:01,152 - enforcer - INFO - Execution stopped for ID: 2
2025-03-21 16:20:01,153 - __main__ - INFO - Enforcer delays:
2025-03-21 16:20:01,154 - __main__ - INFO - * Start delay: 72.66ms
2025-03-21 16:20:01,155 - __main__ - INFO - * Total sanitisation delay: 121.17ms (max 121.17ms)
2025-03-21 16:20:01,156 - __main__ - INFO - * Stop delay: 30.50ms
2025-03-21 16:20:01,156 - __main__ - INFO - Number of enforcer interventions: 0 (out of 1)
2025-03-21 16:20:01,157 - __main__ - INFO - Test run completed in 7219.76ms:
2025-03-21 16:20:01,158 - __main__ - INFO - * Model simulation steps: 1
2025-03-21 16:20:01,158 - __main__ - INFO - 
2025-03-21 16:20:01,170 - model_uploader - INFO - Model deleted: SafetyEnforcerModel.asm
2025-03-21 16:20:01,257 - __main__ - INFO - Upload model delay: 176.90ms
2025-03-21 16:20:01,257 - __main__ - INFO - Delete model delay: 98.07ms
