2025-03-21 16:05:05,082 - root - INFO - Logging has been configured.
2025-03-21 16:05:05,116 - __main__ - INFO - Loaded config.json - Starting execution with id 95977ee9-d8ff-43f4-bb96-d00ce75a91d9
2025-03-21 16:05:05,117 - configuration_manager - INFO - Configuration: 
2025-03-21 16:05:05,118 - configuration_manager - INFO - * Runtime ASM model: SafetyEnforcerModel.asm
2025-03-21 16:05:05,119 - model_uploader - INFO - Enforcer initialized with domain: http://localhost:8080/
2025-03-21 16:05:05,119 - model_uploader - INFO - Runtime model: SafetyEnforcerModel.asm
2025-03-21 16:05:05,120 - model_uploader - INFO - 
2025-03-21 16:05:05,186 - model_uploader - INFO - Uploaded file: ../../resources/models\SafetyEnforcerModel.asm
2025-03-21 16:05:05,305 - model_uploader - INFO - Uploaded file: ../../resources/models\..\libraries\StandardLibrary.asm
2025-03-21 16:05:05,306 - __main__ - INFO - --Starting new test run--
2025-03-21 16:05:05,375 - enforcer - INFO - Execution started with ID: 2
2025-03-21 16:05:05,375 - __main__ - INFO - --Executing new step--
2025-03-21 16:05:09,302 - enforcer - INFO - ASM step performed for ID 2 with delay 116.38 ms
2025-03-21 16:05:09,302 - enforcer - INFO - Enforcer not applied - keeping input action
2025-03-21 16:05:09,303 - enforcer - INFO - System Output: IDLE
2025-03-21 16:05:09,303 - __main__ - INFO - Action: IDLE
2025-03-21 16:05:18,373 - __main__ - INFO - --Executing new step--
2025-03-21 16:05:26,430 - enforcer - INFO - ASM step performed for ID 2 with delay 123.80 ms
2025-03-21 16:05:26,431 - enforcer - INFO - Enforcer applied - changing action
2025-03-21 16:05:26,431 - enforcer - INFO - System Output: IDLE
2025-03-21 16:05:26,432 - enforcer - INFO - After Safety Enforcement: LANE_RIGHT
2025-03-21 16:05:28,096 - enforcer - INFO - Execution stopped for ID: 2
2025-03-21 16:05:28,097 - __main__ - INFO - Enforcer delays:
2025-03-21 16:05:28,098 - __main__ - INFO - * Start delay: 69.08ms
2025-03-21 16:05:28,099 - __main__ - INFO - * Total sanitisation delay: 244.01ms (max 126.09ms)
2025-03-21 16:05:28,099 - __main__ - INFO - * Stop delay: 18.54ms
2025-03-21 16:05:28,100 - __main__ - INFO - Number of enforcer interventions: 1 (out of 2)
2025-03-21 16:05:28,101 - __main__ - INFO - Test run completed in 22794.74ms:
2025-03-21 16:05:28,102 - __main__ - INFO - * Model simulation steps: 2
2025-03-21 16:05:28,102 - __main__ - INFO - 
2025-03-21 16:05:28,138 - model_uploader - INFO - Model deleted: SafetyEnforcerModel.asm
2025-03-21 16:05:28,196 - __main__ - INFO - Upload model delay: 185.68ms
2025-03-21 16:05:28,197 - __main__ - INFO - Delete model delay: 93.43ms
