2025-03-21 16:16:01,355 - root - INFO - Logging has been configured.
2025-03-21 16:16:01,386 - __main__ - INFO - Loaded config.json - Starting execution with id cf8a2c72-8676-4466-83e8-3b1b131c4834
2025-03-21 16:16:01,386 - configuration_manager - INFO - Configuration: 
2025-03-21 16:16:01,387 - configuration_manager - INFO - * Runtime ASM model: SafetyEnforcerModel.asm
2025-03-21 16:16:01,388 - model_uploader - INFO - Enforcer initialized with domain: http://localhost:8080/
2025-03-21 16:16:01,388 - model_uploader - INFO - Runtime model: SafetyEnforcerModel.asm
2025-03-21 16:16:01,389 - model_uploader - INFO - 
2025-03-21 16:16:01,457 - model_uploader - INFO - Uploaded file: ../../resources/models\SafetyEnforcerModel.asm
2025-03-21 16:16:01,571 - model_uploader - INFO - Uploaded file: ../../resources/models\..\libraries\StandardLibrary.asm
2025-03-21 16:16:01,571 - __main__ - INFO - --Starting new test run--
2025-03-21 16:16:01,654 - enforcer - INFO - Execution started with ID: 2
2025-03-21 16:16:01,655 - __main__ - INFO - --Executing new step--
2025-03-21 16:16:06,169 - enforcer - INFO - ASM step performed for ID 2 with delay 130.11 ms
2025-03-21 16:16:06,170 - enforcer - INFO - Enforcer applied - changing action
2025-03-21 16:16:06,171 - enforcer - INFO - System Output: IDLE
2025-03-21 16:16:06,171 - enforcer - INFO - After Safety Enforcement: LANE_RIGHT
2025-03-21 16:16:07,530 - enforcer - INFO - Execution stopped for ID: 2
2025-03-21 16:16:07,531 - __main__ - INFO - Enforcer delays:
2025-03-21 16:16:07,532 - __main__ - INFO - * Start delay: 82.40ms
2025-03-21 16:16:07,532 - __main__ - INFO - * Total sanitisation delay: 132.72ms (max 132.72ms)
2025-03-21 16:16:07,533 - __main__ - INFO - * Stop delay: 27.44ms
2025-03-21 16:16:07,533 - __main__ - INFO - Number of enforcer interventions: 1 (out of 1)
2025-03-21 16:16:07,534 - __main__ - INFO - Test run completed in 5962.01ms:
2025-03-21 16:16:07,534 - __main__ - INFO - * Model simulation steps: 1
2025-03-21 16:16:07,535 - __main__ - INFO - 
2025-03-21 16:16:07,570 - model_uploader - INFO - Model deleted: SafetyEnforcerModel.asm
2025-03-21 16:16:07,632 - __main__ - INFO - Upload model delay: 182.49ms
2025-03-21 16:16:07,633 - __main__ - INFO - Delete model delay: 96.60ms
