2025-03-21 16:11:48,418 - root - INFO - Logging has been configured.
2025-03-21 16:11:48,449 - __main__ - INFO - Loaded config.json - Starting execution with id ba787fc2-4732-4e99-b918-25f984f5032d
2025-03-21 16:11:48,450 - configuration_manager - INFO - Configuration: 
2025-03-21 16:11:48,451 - configuration_manager - INFO - * Runtime ASM model: SafetyEnforcerModel.asm
2025-03-21 16:11:48,451 - model_uploader - INFO - Enforcer initialized with domain: http://localhost:8080/
2025-03-21 16:11:48,452 - model_uploader - INFO - Runtime model: SafetyEnforcerModel.asm
2025-03-21 16:11:48,452 - model_uploader - INFO - 
2025-03-21 16:11:48,514 - model_uploader - INFO - Uploaded file: ../../resources/models\SafetyEnforcerModel.asm
2025-03-21 16:11:48,642 - model_uploader - INFO - Uploaded file: ../../resources/models\..\libraries\StandardLibrary.asm
2025-03-21 16:11:48,643 - __main__ - INFO - --Starting new test run--
2025-03-21 16:11:48,732 - enforcer - INFO - Execution started with ID: 2
2025-03-21 16:11:48,732 - __main__ - INFO - --Executing new step--
2025-03-21 16:11:55,697 - enforcer - INFO - ASM step performed for ID 2 with delay 129.77 ms
2025-03-21 16:11:55,698 - enforcer - INFO - Enforcer applied - changing action
2025-03-21 16:11:55,699 - enforcer - INFO - System Output: IDLE
2025-03-21 16:11:55,699 - enforcer - INFO - After Safety Enforcement: LANE_RIGHT
2025-03-21 16:11:58,145 - enforcer - INFO - Execution stopped for ID: 2
2025-03-21 16:11:58,146 - __main__ - INFO - Enforcer delays:
2025-03-21 16:11:58,147 - __main__ - INFO - * Start delay: 88.25ms
2025-03-21 16:11:58,148 - __main__ - INFO - * Total sanitisation delay: 132.64ms (max 132.64ms)
2025-03-21 16:11:58,149 - __main__ - INFO - * Stop delay: 29.03ms
2025-03-21 16:11:58,149 - __main__ - INFO - Number of enforcer interventions: 1 (out of 1)
2025-03-21 16:11:58,150 - __main__ - INFO - Test run completed in 9505.60ms:
2025-03-21 16:11:58,150 - __main__ - INFO - * Model simulation steps: 1
2025-03-21 16:11:58,151 - __main__ - INFO - 
2025-03-21 16:11:58,186 - model_uploader - INFO - Model deleted: SafetyEnforcerModel.asm
2025-03-21 16:11:58,264 - __main__ - INFO - Upload model delay: 190.43ms
2025-03-21 16:11:58,265 - __main__ - INFO - Delete model delay: 113.53ms
