2025-03-20 23:00:51,909 - root - INFO - Logging has been configured.
2025-03-20 23:00:51,944 - __main__ - INFO - Loaded config.json - Starting execution with id 5075717d-43f4-48ca-a75f-497bd788e69f
2025-03-20 23:00:51,944 - configuration_manager - INFO - Configuration: 
2025-03-20 23:00:51,945 - configuration_manager - INFO - * Runtime ASM model: SafetyEnforcerModel.asm
2025-03-20 23:00:51,946 - model_uploader - INFO - Enforcer initialized with domain: http://localhost:8080/
2025-03-20 23:00:51,946 - model_uploader - INFO - Runtime model: SafetyEnforcerModel.asm
2025-03-20 23:00:51,947 - model_uploader - INFO - 
2025-03-20 23:00:52,017 - model_uploader - INFO - Uploaded file: ../../resources/models\SafetyEnforcerModel.asm
2025-03-20 23:00:52,112 - model_uploader - INFO - Uploaded file: ../../resources/models\..\libraries\StandardLibrary.asm
2025-03-20 23:00:52,112 - __main__ - INFO - --Starting new test run--
2025-03-20 23:00:52,191 - enforcer - INFO - Execution started with ID: 1
2025-03-20 23:00:52,191 - __main__ - INFO - --Executing new step--
2025-03-20 23:00:58,898 - enforcer - INFO - ASM step performed for ID 1 with delay 150.12 ms
2025-03-20 23:00:58,898 - enforcer - INFO - Enforcer applied - changing action
2025-03-20 23:00:58,898 - enforcer - INFO - System Output: SLOWER
2025-03-20 23:00:58,898 - enforcer - INFO - After Safety Enforcement: LANE_RIGHT
2025-03-20 23:01:05,020 - enforcer - INFO - Execution stopped for ID: 1
2025-03-20 23:01:05,021 - __main__ - INFO - Enforcer delays:
2025-03-20 23:01:05,022 - __main__ - INFO - * Start delay: 77.33ms
2025-03-20 23:01:05,023 - __main__ - INFO - * Total sanitisation delay: 153.09ms (max 153.09ms)
2025-03-20 23:01:05,023 - __main__ - INFO - * Stop delay: 29.89ms
2025-03-20 23:01:05,024 - __main__ - INFO - Number of enforcer interventions: 1 (out of 1)
2025-03-20 23:01:05,025 - __main__ - INFO - Test run completed in 12910.51ms:
2025-03-20 23:01:05,025 - __main__ - INFO - * Effective Duration: 1 simulation steps
2025-03-20 23:01:05,027 - __main__ - INFO - 
2025-03-20 23:01:05,061 - model_uploader - INFO - Model deleted: SafetyEnforcerModel.asm
2025-03-20 23:01:05,121 - __main__ - INFO - Upload model delay: 165.94ms
2025-03-20 23:01:05,122 - __main__ - INFO - Delete model delay: 94.72ms
