2025-03-21 15:34:37,180 - root - INFO - Logging has been configured.
2025-03-21 15:34:37,209 - __main__ - INFO - Loaded config.json - Starting execution with id b2270762-60c1-4f83-a0e5-fbb01fabd99d
2025-03-21 15:34:37,210 - configuration_manager - INFO - Configuration: 
2025-03-21 15:34:37,211 - configuration_manager - INFO - * Runtime ASM model: SafetyEnforcerModel.asm
2025-03-21 15:34:37,212 - model_uploader - INFO - Enforcer initialized with domain: http://localhost:8080/
2025-03-21 15:34:37,212 - model_uploader - INFO - Runtime model: SafetyEnforcerModel.asm
2025-03-21 15:34:37,213 - model_uploader - INFO - 
2025-03-21 15:34:37,282 - model_uploader - INFO - Uploaded file: ../../resources/models\SafetyEnforcerModel.asm
2025-03-21 15:34:37,317 - __main__ - INFO - --Starting new test run--
2025-03-21 15:34:37,398 - enforcer - INFO - Execution started with ID: 3
2025-03-21 15:34:37,399 - __main__ - INFO - --Executing new step--
2025-03-21 15:34:42,530 - enforcer - INFO - ASM step performed for ID 3 with delay 121.40 ms
2025-03-21 15:34:42,531 - enforcer - ERROR - ASM step execution failed: 'system_out_action'
2025-03-21 15:34:42,532 - __main__ - ERROR - Failed to connect to the server - Executing the test runs WITHOUT the model
2025-03-21 15:34:42,532 - __main__ - INFO - --Starting new test run--
2025-03-21 15:34:42,533 - __main__ - INFO - --Executing new step--
2025-03-21 15:38:11,900 - __main__ - INFO - --Executing new step--
2025-03-21 15:38:15,666 - __main__ - INFO - Test run completed in 213132.30ms:
2025-03-21 15:38:15,667 - __main__ - INFO - * Effective Duration: 0 simulation steps
2025-03-21 15:38:15,667 - __main__ - INFO - 
