2025-03-20 23:02:29,662 - root - INFO - Logging has been configured.
2025-03-20 23:02:29,696 - __main__ - INFO - Loaded config.json - Starting execution with id f9ac6aca-f21b-4657-9289-727a330cb602
2025-03-20 23:02:29,697 - configuration_manager - INFO - Configuration: 
2025-03-20 23:02:29,697 - configuration_manager - INFO - * Runtime ASM model: SafetyEnforcerModel.asm
2025-03-20 23:02:29,698 - model_uploader - INFO - Enforcer initialized with domain: http://localhost:8080/
2025-03-20 23:02:29,699 - model_uploader - INFO - Runtime model: SafetyEnforcerModel.asm
2025-03-20 23:02:29,699 - model_uploader - INFO - 
2025-03-20 23:02:29,777 - model_uploader - INFO - Uploaded file: ../../resources/models\SafetyEnforcerModel.asm
2025-03-20 23:02:29,891 - model_uploader - INFO - Uploaded file: ../../resources/models\..\libraries\StandardLibrary.asm
2025-03-20 23:02:29,891 - __main__ - INFO - --Starting new test run--
2025-03-20 23:02:29,974 - enforcer - INFO - Execution started with ID: 1
2025-03-20 23:02:29,974 - __main__ - INFO - --Executing new step--
2025-03-20 23:02:34,816 - enforcer - INFO - ASM step performed for ID 1 with delay 123.50 ms
2025-03-20 23:02:34,816 - enforcer - INFO - Enforcer applied - changing action
2025-03-20 23:02:34,816 - enforcer - INFO - System Output: IDLE
2025-03-20 23:02:34,816 - enforcer - INFO - After Safety Enforcement: LANE_RIGHT
2025-03-20 23:02:42,895 - enforcer - INFO - Execution stopped for ID: 1
2025-03-20 23:02:42,895 - __main__ - INFO - Enforcer delays:
2025-03-20 23:02:42,895 - __main__ - INFO - * Start delay: 80.85ms
2025-03-20 23:02:42,895 - __main__ - INFO - * Total sanitisation delay: 126.64ms (max 126.64ms)
2025-03-20 23:02:42,895 - __main__ - INFO - * Stop delay: 15.62ms
2025-03-20 23:02:42,895 - __main__ - INFO - Number of enforcer interventions: 1 (out of 1)
2025-03-20 23:02:42,895 - __main__ - INFO - Test run completed in 13003.37ms:
2025-03-20 23:02:42,895 - __main__ - INFO - * Effective Duration: 1 simulation steps
2025-03-20 23:02:42,895 - __main__ - INFO - 
2025-03-20 23:02:42,911 - model_uploader - INFO - Model deleted: SafetyEnforcerModel.asm
2025-03-20 23:02:42,954 - __main__ - INFO - Upload model delay: 197.03ms
2025-03-20 23:02:42,956 - __main__ - INFO - Delete model delay: 52.49ms
